# JRE version: Java(TM) SE Runtime Environment (8.0_73-b02) (build 1.8.0_73-b02)
# Java VM: Java HotSpot(TM) 64-Bit Server VM (25.73-b02 mixed mode windows-amd64 compressed oops)
Heap:
 PSYoungGen      total 257536K, used 151771K [0x00000000eab00000, 0x00000000fe280000, 0x0000000100000000)
  eden space 205824K, 66% used [0x00000000eab00000,0x00000000f3076e50,0x00000000f7400000)
  from space 51712K, 29% used [0x00000000f7400000,0x00000000f82c0188,0x00000000fa680000)
  to   space 48128K, 0% used [0x00000000fb380000,0x00000000fb380000,0x00000000fe280000)
 ParOldGen       total 146432K, used 36634K [0x00000000c0000000, 0x00000000c8f00000, 0x00000000eab00000)
  object space 146432K, 25% used [0x00000000c0000000,0x00000000c23c6a68,0x00000000c8f00000)
 Metaspace       used 69481K, capacity 76702K, committed 78720K, reserved 1118208K
  class space    used 8762K, capacity 9377K, committed 9856K, reserved 1048576K
GC Heap History (10 events):
Event: 87476.647 GC heap before
{Heap before GC invocations=202 (full 42):
 PSYoungGen      total 272896K, used 222295K [0x00000000eab00000, 0x00000000ffa80000, 0x0000000100000000)
  eden space 211456K, 100% used [0x00000000eab00000,0x00000000f7980000,0x00000000f7980000)
  from space 61440K, 17% used [0x00000000f7980000,0x00000000f8415e80,0x00000000fb580000)
  to   space 58880K, 0% used [0x00000000fc100000,0x00000000fc100000,0x00000000ffa80000)
 ParOldGen       total 146432K, used 43988K [0x00000000c0000000, 0x00000000c8f00000, 0x00000000eab00000)
  object space 146432K, 30% used [0x00000000c0000000,0x00000000c2af5390,0x00000000c8f00000)
 Metaspace       used 69656K, capacity 77098K, committed 78720K, reserved 1118208K
  class space    used 8798K, capacity 9443K, committed 9856K, reserved 1048576K
Event: 87476.884 GC heap after
Heap after GC invocations=202 (full 42):
 PSYoungGen      total 233472K, used 10331K [0x00000000eab00000, 0x00000000fdf00000, 0x0000000100000000)
  eden space 202752K, 0% used [0x00000000eab00000,0x00000000eab00000,0x00000000f7100000)
  from space 30720K, 33% used [0x00000000fc100000,0x00000000fcb16d48,0x00000000fdf00000)
  to   space 56320K, 0% used [0x00000000f7100000,0x00000000f7100000,0x00000000fa800000)
 ParOldGen       total 146432K, used 43988K [0x00000000c0000000, 0x00000000c8f00000, 0x00000000eab00000)
  object space 146432K, 30% used [0x00000000c0000000,0x00000000c2af5390,0x00000000c8f00000)
 Metaspace       used 69656K, capacity 77098K, committed 78720K, reserved 1118208K
  class space    used 8798K, capacity 9443K, committed 9856K, reserved 1048576K
}
Event: 87551.647 GC heap before
{Heap before GC invocations=203 (full 42):
 PSYoungGen      total 233472K, used 72487K [0x00000000eab00000, 0x00000000fdf00000, 0x0000000100000000)
  eden space 202752K, 30% used [0x00000000eab00000,0x00000000ee7b3138,0x00000000f7100000)
  from space 30720K, 33% used [0x00000000fc100000,0x00000000fcb16d48,0x00000000fdf00000)
  to   space 56320K, 0% used [0x00000000f7100000,0x00000000f7100000,0x00000000fa800000)
 ParOldGen       total 146432K, used 43988K [0x00000000c0000000, 0x00000000c8f00000, 0x00000000eab00000)
  object space 146432K, 30% used [0x00000000c0000000,0x00000000c2af5390,0x00000000c8f00000)
 Metaspace       used 69657K, capacity 77098K, committed 78720K, reserved 1118208K
  class space    used 8798K, capacity 9443K, committed 9856K, reserved 1048576K
Event: 87551.693 GC heap after
Heap after GC invocations=203 (full 42):
 PSYoungGen      total 206336K, used 3088K [0x00000000eab00000, 0x00000000fdc00000, 0x0000000100000000)
  eden space 202752K, 0% used [0x00000000eab00000,0x00000000eab00000,0x00000000f7100000)
  from space 3584K, 86% used [0x00000000f7100000,0x00000000f7404010,0x00000000f7480000)
  to   space 54784K, 0% used [0x00000000fa680000,0x00000000fa680000,0x00000000fdc00000)
 ParOldGen       total 146432K, used 43988K [0x00000000c0000000, 0x00000000c8f00000, 0x00000000eab00000)
  object space 146432K, 30% used [0x00000000c0000000,0x00000000c2af5390,0x00000000c8f00000)
 Metaspace       used 69657K, capacity 77098K, committed 78720K, reserved 1118208K
  class space    used 8798K, capacity 9443K, committed 9856K, reserved 1048576K
}
Event: 87551.693 GC heap before
{Heap before GC invocations=204 (full 43):
 PSYoungGen      total 206336K, used 3088K [0x00000000eab00000, 0x00000000fdc00000, 0x0000000100000000)
  eden space 202752K, 0% used [0x00000000eab00000,0x00000000eab00000,0x00000000f7100000)
  from space 3584K, 86% used [0x00000000f7100000,0x00000000f7404010,0x00000000f7480000)
  to   space 54784K, 0% used [0x00000000fa680000,0x00000000fa680000,0x00000000fdc00000)
 ParOldGen       total 146432K, used 43988K [0x00000000c0000000, 0x00000000c8f00000, 0x00000000eab00000)
  object space 146432K, 30% used [0x00000000c0000000,0x00000000c2af5390,0x00000000c8f00000)
 Metaspace       used 69657K, capacity 77098K, committed 78720K, reserved 1118208K
  class space    used 8798K, capacity 9443K, committed 9856K, reserved 1048576K
Event: 87552.820 GC heap after
Heap after GC invocations=204 (full 43):
 PSYoungGen      total 206336K, used 0K [0x00000000eab00000, 0x00000000fdc00000, 0x0000000100000000)
  eden space 202752K, 0% used [0x00000000eab00000,0x00000000eab00000,0x00000000f7100000)
  from space 3584K, 0% used [0x00000000f7100000,0x00000000f7100000,0x00000000f7480000)
  to   space 54784K, 0% used [0x00000000fa680000,0x00000000fa680000,0x00000000fdc00000)
 ParOldGen       total 146432K, used 36634K [0x00000000c0000000, 0x00000000c8f00000, 0x00000000eab00000)
  object space 146432K, 25% used [0x00000000c0000000,0x00000000c23c6a68,0x00000000c8f00000)
 Metaspace       used 69041K, capacity 75966K, committed 78720K, reserved 1118208K
  class space    used 8673K, capacity 9218K, committed 9856K, reserved 1048576K
}
Event: 87600.004 GC heap before
{Heap before GC invocations=205 (full 43):
 PSYoungGen      total 206336K, used 202752K [0x00000000eab00000, 0x00000000fdc00000, 0x0000000100000000)
  eden space 202752K, 100% used [0x00000000eab00000,0x00000000f7100000,0x00000000f7100000)
  from space 3584K, 0% used [0x00000000f7100000,0x00000000f7100000,0x00000000f7480000)
  to   space 54784K, 0% used [0x00000000fa680000,0x00000000fa680000,0x00000000fdc00000)
 ParOldGen       total 146432K, used 36634K [0x00000000c0000000, 0x00000000c8f00000, 0x00000000eab00000)
  object space 146432K, 25% used [0x00000000c0000000,0x00000000c23c6a68,0x00000000c8f00000)
 Metaspace       used 69294K, capacity 76404K, committed 78720K, reserved 1118208K
  class space    used 8733K, capacity 9316K, committed 9856K, reserved 1048576K
Event: 87600.080 GC heap after
Heap after GC invocations=205 (full 43):
 PSYoungGen      total 260608K, used 13760K [0x00000000eab00000, 0x00000000fe480000, 0x0000000100000000)
  eden space 205824K, 0% used [0x00000000eab00000,0x00000000eab00000,0x00000000f7400000)
  from space 54784K, 25% used [0x00000000fa680000,0x00000000fb3f0000,0x00000000fdc00000)
  to   space 51712K, 0% used [0x00000000f7400000,0x00000000f7400000,0x00000000fa680000)
 ParOldGen       total 146432K, used 36634K [0x00000000c0000000, 0x00000000c8f00000, 0x00000000eab00000)
  object space 146432K, 25% used [0x00000000c0000000,0x00000000c23c6a68,0x00000000c8f00000)
 Metaspace       used 69294K, capacity 76404K, committed 78720K, reserved 1118208K
  class space    used 8733K, capacity 9316K, committed 9856K, reserved 1048576K
}
Event: 87606.496 GC heap before
{Heap before GC invocations=206 (full 43):
 PSYoungGen      total 260608K, used 219584K [0x00000000eab00000, 0x00000000fe480000, 0x0000000100000000)
  eden space 205824K, 100% used [0x00000000eab00000,0x00000000f7400000,0x00000000f7400000)
  from space 54784K, 25% used [0x00000000fa680000,0x00000000fb3f0000,0x00000000fdc00000)
  to   space 51712K, 0% used [0x00000000f7400000,0x00000000f7400000,0x00000000fa680000)
 ParOldGen       total 146432K, used 36634K [0x00000000c0000000, 0x00000000c8f00000, 0x00000000eab00000)
  object space 146432K, 25% used [0x00000000c0000000,0x00000000c23c6a68,0x00000000c8f00000)
 Metaspace       used 69420K, capacity 76606K, committed 78720K, reserved 1118208K
  class space    used 8753K, capacity 9361K, committed 9856K, reserved 1048576K
Event: 87606.586 GC heap after
Heap after GC invocations=206 (full 43):
 PSYoungGen      total 257536K, used 15104K [0x00000000eab00000, 0x00000000fe280000, 0x0000000100000000)
  eden space 205824K, 0% used [0x00000000eab00000,0x00000000eab00000,0x00000000f7400000)
  from space 51712K, 29% used [0x00000000f7400000,0x00000000f82c0188,0x00000000fa680000)
  to   space 48128K, 0% used [0x00000000fb380000,0x00000000fb380000,0x00000000fe280000)
 ParOldGen       total 146432K, used 36634K [0x00000000c0000000, 0x00000000c8f00000, 0x00000000eab00000)
  object space 146432K, 25% used [0x00000000c0000000,0x00000000c23c6a68,0x00000000c8f00000)
 Metaspace       used 69420K, capacity 76606K, committed 78720K, reserved 1118208K
  class space    used 8753K, capacity 9361K, committed 9856K, reserved 1048576K
}

